build/app/intermediates/manifest_merge_blame_file/debug/manifest-merger-blame-debug-report.txt
1<?xml version="1.0" encoding="utf-8"?>
2<manifest xmlns:android="http://schemas.android.com/apk/res/android"
3    package="com.example.spotifydata"
4    android:versionCode="1"
5    android:versionName="1.0.0" >
6
7    <uses-sdk
8        android:minSdkVersion="16"
9        android:targetSdkVersion="28" />
10    <!--
11         Flutter needs it to communicate with the running application
12         to allow setting breakpoints, to provide hot reload, etc.
13    -->
14    <uses-permission android:name="android.permission.INTERNET" />
14-->src\debug\AndroidManifest.xml:6:5-66
14-->src\debug\AndroidManifest.xml:6:22-64
15    <!--
16     io.flutter.app.FlutterApplication is an android.app.Application that
17         calls FlutterMain.startInitialization(this); in its onCreate method.
18         In most cases you can leave this as-is, but you if you want to provide
19         additional functionality it is fine to subclass or reimplement
20         FlutterApplication and put your custom class here.
21    -->
22    <application
22-->src\main\AndroidManifest.xml:8:5-37:19
23        android:name="io.flutter.app.FlutterApplication"
23-->src\main\AndroidManifest.xml:9:9-57
24        android:appComponentFactory="androidx.core.app.CoreComponentFactory"
24-->[androidx.core:core:1.0.0] AndroidManifest.xml:22:18-86
25        android:debuggable="true"
26        android:icon="@mipmap/ic_launcher"
26-->src\main\AndroidManifest.xml:11:9-43
27        android:label="spotifydata" >
27-->src\main\AndroidManifest.xml:10:9-36
28        <activity android:name="com.linusu.flutter_web_auth.CallbackActivity" >
28-->src\main\AndroidManifest.xml:12:9-19:20
28-->src\main\AndroidManifest.xml:12:19-78
29            <intent-filter android:label="flutter_web_auth" >
29-->src\main\AndroidManifest.xml:13:13-18:29
29-->src\main\AndroidManifest.xml:13:28-60
30                <action android:name="android.intent.action.VIEW" />
30-->src\main\AndroidManifest.xml:14:17-69
30-->src\main\AndroidManifest.xml:14:25-66
31
32                <category android:name="android.intent.category.DEFAULT" />
32-->src\main\AndroidManifest.xml:15:17-76
32-->src\main\AndroidManifest.xml:15:27-73
33                <category android:name="android.intent.category.BROWSABLE" />
33-->src\main\AndroidManifest.xml:16:17-78
33-->src\main\AndroidManifest.xml:16:27-75
34
35                <data android:scheme="spotifydata" />
35-->src\main\AndroidManifest.xml:17:17-54
35-->src\main\AndroidManifest.xml:17:23-51
36            </intent-filter>
37        </activity>
38        <activity
38-->src\main\AndroidManifest.xml:20:9-31:20
39            android:name="com.example.spotifydata.MainActivity"
39-->src\main\AndroidManifest.xml:21:13-41
40            android:configChanges="orientation|keyboardHidden|keyboard|screenSize|smallestScreenSize|locale|layoutDirection|fontScale|screenLayout|density|uiMode"
40-->src\main\AndroidManifest.xml:24:13-163
41            android:hardwareAccelerated="true"
41-->src\main\AndroidManifest.xml:25:13-47
42            android:launchMode="singleTop"
42-->src\main\AndroidManifest.xml:22:13-43
43            android:theme="@style/LaunchTheme"
43-->src\main\AndroidManifest.xml:23:13-47
44            android:windowSoftInputMode="adjustResize" >
44-->src\main\AndroidManifest.xml:26:13-55
45            <intent-filter>
45-->src\main\AndroidManifest.xml:27:13-30:29
46                <action android:name="android.intent.action.MAIN" />
46-->src\main\AndroidManifest.xml:28:17-68
46-->src\main\AndroidManifest.xml:28:25-66
47
48                <category android:name="android.intent.category.LAUNCHER" />
48-->src\main\AndroidManifest.xml:29:17-76
48-->src\main\AndroidManifest.xml:29:27-74
49            </intent-filter>
50        </activity>
51        <!--
52             Don't delete the meta-data below.
53             This is used by the Flutter tool to generate GeneratedPluginRegistrant.java
54        -->
55        <meta-data
55-->src\main\AndroidManifest.xml:34:9-36:33
56            android:name="flutterEmbedding"
56-->src\main\AndroidManifest.xml:35:13-44
57            android:value="2" />
57-->src\main\AndroidManifest.xml:36:13-30
58    </application>
59
60</manifest>